2024-11-25 14:41:01 [main] INFO  esercizi.esercizio1.Main - 0
2024-11-25 14:41:01 [main] INFO  esercizi.esercizio1.Main - 0
2024-11-25 14:41:01 [main] INFO  esercizi.esercizio1.Main - 0
2024-11-25 14:41:01 [main] INFO  esercizi.esercizio1.Main - 0
2024-11-25 14:41:01 [main] INFO  esercizi.esercizio1.Main - 0
2024-11-25 14:41:47 [main] INFO  esercizi.esercizio1.Main - 4
2024-11-25 14:41:47 [main] INFO  esercizi.esercizio1.Main - 3
2024-11-25 14:41:47 [main] INFO  esercizi.esercizio1.Main - 9
2024-11-25 14:41:47 [main] INFO  esercizi.esercizio1.Main - 7
2024-11-25 14:41:47 [main] INFO  esercizi.esercizio1.Main - 7
2024-11-25 14:51:40 [main] INFO  esercizi.esercizio1.Main - 3
2024-11-25 14:51:40 [main] INFO  esercizi.esercizio1.Main - 0
2024-11-25 14:51:40 [main] INFO  esercizi.esercizio1.Main - 8
2024-11-25 14:51:40 [main] INFO  esercizi.esercizio1.Main - 6
2024-11-25 14:51:40 [main] INFO  esercizi.esercizio1.Main - 8
2024-11-25 14:53:29 [main] INFO  esercizi.esercizio1.Main - 8
2024-11-25 14:53:29 [main] INFO  esercizi.esercizio1.Main - 7
2024-11-25 14:53:29 [main] INFO  esercizi.esercizio1.Main - 0
2024-11-25 14:53:29 [main] INFO  esercizi.esercizio1.Main - 9
2024-11-25 14:53:29 [main] INFO  esercizi.esercizio1.Main - 9
2024-11-25 14:54:07 [main] INFO  esercizi.esercizio1.Main - 1
2024-11-25 14:54:07 [main] INFO  esercizi.esercizio1.Main - 9
2024-11-25 14:54:07 [main] INFO  esercizi.esercizio1.Main - 1
2024-11-25 14:54:07 [main] INFO  esercizi.esercizio1.Main - 8
2024-11-25 14:54:07 [main] INFO  esercizi.esercizio1.Main - 9
2024-11-25 15:00:54 [main] INFO  esercizi.esercizio1.Main - 1
2024-11-25 15:00:54 [main] INFO  esercizi.esercizio1.Main - 7
2024-11-25 15:00:54 [main] INFO  esercizi.esercizio1.Main - 9
2024-11-25 15:00:54 [main] INFO  esercizi.esercizio1.Main - 6
2024-11-25 15:00:54 [main] INFO  esercizi.esercizio1.Main - 0
2024-11-25 15:03:34 [main] INFO  esercizi.esercizio1.Main - 4
2024-11-25 15:03:34 [main] INFO  esercizi.esercizio1.Main - 8
2024-11-25 15:03:34 [main] INFO  esercizi.esercizio1.Main - 0
2024-11-25 15:03:34 [main] INFO  esercizi.esercizio1.Main - 3
2024-11-25 15:03:34 [main] INFO  esercizi.esercizio1.Main - 2
2024-11-25 15:04:49 [main] INFO  esercizi.esercizio1.Main - 2
2024-11-25 15:04:49 [main] INFO  esercizi.esercizio1.Main - 3
2024-11-25 15:04:49 [main] INFO  esercizi.esercizio1.Main - 3
2024-11-25 15:04:49 [main] INFO  esercizi.esercizio1.Main - 4
2024-11-25 15:04:49 [main] INFO  esercizi.esercizio1.Main - 3
2024-11-25 15:14:54 [main] ERROR esercizi.esercizio1.Main - posizione fuori dai limiti
2024-11-25 15:40:01 [main] ERROR esercizi.esercizio2.Main - Numero di km non valido
2024-11-25 15:40:25 [main] ERROR esercizi.esercizio2.Main - Numero di km non valido
2024-11-25 15:41:03 [main] ERROR esercizi.esercizio2.Main - Numero di litri non valido
2024-11-25 15:44:00 [main] ERROR esercizi.esercizio2.Main - Numero di km non valido
2024-11-25 15:44:06 [main] ERROR esercizi.esercizio2.Main - Numero di litri non valido
2024-11-25 16:00:55 [main] ERROR esercizi.esercizio3.Main - il prelievo non è disponibile
2024-11-25 16:01:57 [main] ERROR esercizi.esercizio3.Main - il prelievo non è disponibile
2024-11-25 16:03:43 [main] ERROR esercizi.esercizio3.Main - il prelievo non è disponibile
